#
# A fatal error has been detected by the Java Runtime Environment:
#
#  SIGBUS (0x7) at pc=0x00007f1b9b185fa0, pid=6144, tid=139756669830912
#
# JRE version: OpenJDK Runtime Environment (7.0_79-b14) (build 1.7.0_79-b14)
# Java VM: OpenJDK 64-Bit Server VM (24.79-b02 mixed mode linux-amd64 compressed oops)
# Derivative: IcedTea 2.5.5
# Distribution: Ubuntu Vivid Vervet (development branch), package 7u79-2.5.5-0ubuntu1
# Problematic frame:
# C  [libzip.so+0x4fa0]
#
# Failed to write core dump. Core dumps have been disabled. To enable core dumping, try "ulimit -c unlimited" before starting Java again
#
# If you would like to submit a bug report, please include
# instructions on how to reproduce the bug and visit:
#   http://icedtea.classpath.org/bugzilla
# The crash happened outside the Java Virtual Machine in native code.
# See problematic frame for where to report the bug.
#

---------------  T H R E A D  ---------------

Current thread (0x00007f1b9c00b000):  JavaThread "main" [_thread_in_native, id=6145, stack(0x00007f1ba2990000,0x00007f1ba2a91000)]

siginfo:si_signo=SIGBUS: si_errno=0, si_code=2 (BUS_ADRERR), si_addr=0x00007f1ba28c3b22

Registers:
RAX=0x00007f1b9c7cb490, RBX=0x00007f1b9c1c2688, RCX=0x00007f1ba28c3b05, RDX=0x00007f1b9c7cb490
RSP=0x00007f1ba2a8c3c0, RBP=0x00007f1ba2a8c430, RSI=0x0000000000000003, RDI=0x00007f1b9c000020
R8 =0x00007f1ba2a8c4a0, R9 =0x00007f1b9c7cb480, R10=0x00007f1b981faf38, R11=0x0000000000000039
R12=0x00007f1b9c1c21b0, R13=0x00007f1ba2a8c4a0, R14=0x00007f1b9c1c21b0, R15=0x00007f1b9c7cb490
RIP=0x00007f1b9b185fa0, EFLAGS=0x0000000000010206, CSGSFS=0x0000000000000033, ERR=0x0000000000000004
  TRAPNO=0x000000000000000e

Top of Stack: (sp=0x00007f1ba2a8c3c0)
0x00007f1ba2a8c3c0:   0000000000000013 0000000200000000
0x00007f1ba2a8c3d0:   00007f1b9c00b1d8 00000000000003d8
0x00007f1ba2a8c3e0:   00007f1b9c00bc48 00007f1b9c00b870
0x00007f1ba2a8c3f0:   00007f1b00000000 00007f1ba15fac4a
0x00007f1ba2a8c400:   00007f1ba2a8c4a0 00007f1b9c1c2680
0x00007f1ba2a8c410:   00007f1b9c7bf300 00007f1ba2a8c4a0
0x00007f1ba2a8c420:   00007f1b9c1c21b0 000000002dede53d
0x00007f1ba2a8c430:   00007f1ba2a8c480 00007f1b9b186d7c
0x00007f1ba2a8c440:   0000000000000000 0000001371c2ce00
0x00007f1ba2a8c450:   00007f1b9c00bd88 00007f1ba2a8c4a0
0x00007f1ba2a8c460:   00007f1ba2a8c8f8 00007f1ba2a8c4a0
0x00007f1ba2a8c470:   0000000000000013 00007f1b9c00b1d8
0x00007f1ba2a8c480:   00007f1ba2a8c8e0 00007f1b9b1849c8
0x00007f1ba2a8c490:   00000001a2a8cc00 00007f1b9c1c21b0
0x00007f1ba2a8c4a0:   7365697469746e65 6c632e616d65542f
0x00007f1ba2a8c4b0:   00007f0000737361 00007f1ba2a8c468
0x00007f1ba2a8c4c0:   00007f1ba2a8c4a9 0000000800000002
0x00007f1ba2a8c4d0:   00000000e1c0da00 7d5e550f71c2ce00
0x00007f1ba2a8c4e0:   00007f1ba180176b 00007f1b9c00b000
0x00007f1ba2a8c4f0:   0000000000000000 00007f1b9c0818f0
0x00007f1ba2a8c500:   00007f1ba2a8c580 00007f1b9c6c4c60
0x00007f1ba2a8c510:   00007f1b9c00b000 00007f1b9c00b000
0x00007f1ba2a8c520:   00007f1ba2a8c6b0 00007f1ba1450ae4
0x00007f1ba2a8c530:   00007f1b0000000d 00007f1b9c6c4c68
0x00007f1ba2a8c540:   00007f1b00000000 0000003000000018
0x00007f1ba2a8c550:   00007f1ba2a8c6c0 00007f1ba2a8c5d0
0x00007f1ba2a8c560:   00007f1b9c00b000 0000000000000000
0x00007f1ba2a8c570:   0000000000000004 0000000000000000
0x00007f1ba2a8c580:   00007f1ba1b99bd0 00007f1b94366830
0x00007f1ba2a8c590:   00000000ffffffff 000000000000000d
0x00007f1ba2a8c5a0:   00007f1ba2a8c460 0000003000000020
0x00007f1ba2a8c5b0:   00007f1ba2a8c6c0 00007f1ba2a8c5d0 

Instructions: (pc=0x00007f1b9b185fa0)
0x00007f1b9b185f80:   30 00 00 00 00 48 c7 40 28 00 00 00 00 0f 84 75
0x00007f1b9b185f90:   02 00 00 48 8b 0b 49 2b 4c 24 28 49 03 4c 24 18
0x00007f1b9b185fa0:   44 0f b6 71 1d 0f b6 41 1c 44 0f b6 69 1f 0f b6
0x00007f1b9b185fb0:   51 20 41 c1 e6 08 41 09 c6 0f b6 41 1e 41 c1 e5 

Register to memory mapping:

RAX=0x00007f1b9c7cb490 is an unknown value
RBX=0x00007f1b9c1c2688 is an unknown value
RCX=0x00007f1ba28c3b05 is an unknown value
RDX=0x00007f1b9c7cb490 is an unknown value
RSP=0x00007f1ba2a8c3c0 is pointing into the stack for thread: 0x00007f1b9c00b000
RBP=0x00007f1ba2a8c430 is pointing into the stack for thread: 0x00007f1b9c00b000
RSI=0x0000000000000003 is an unknown value
RDI=0x00007f1b9c000020 is an unknown value
R8 =0x00007f1ba2a8c4a0 is pointing into the stack for thread: 0x00007f1b9c00b000
R9 =0x00007f1b9c7cb480 is an unknown value
R10=0x00007f1b981faf38 is at entry_point+88 in (nmethod*)0x00007f1b981fad50
R11=0x0000000000000039 is an unknown value
R12=0x00007f1b9c1c21b0 is an unknown value
R13=0x00007f1ba2a8c4a0 is pointing into the stack for thread: 0x00007f1b9c00b000
R14=0x00007f1b9c1c21b0 is an unknown value
R15=0x00007f1b9c7cb490 is an unknown value


Stack: [0x00007f1ba2990000,0x00007f1ba2a91000],  sp=0x00007f1ba2a8c3c0,  free space=1008k
Native frames: (J=compiled Java code, j=interpreted, Vv=VM code, C=native code)
C  [libzip.so+0x4fa0]
C  [libzip.so+0x5d7c]  ZIP_GetEntry+0xcc
C  [libzip.so+0x39c8]  Java_java_util_zip_ZipFile_getEntry+0xa8
J 48  java.util.zip.ZipFile.getEntry(J[BZ)J (0 bytes) @ 0x00007f1b981fafae [0x00007f1b981faee0+0xce]

Java frames: (J=compiled Java code, j=interpreted, Vv=VM code)
J 48  java.util.zip.ZipFile.getEntry(J[BZ)J (0 bytes) @ 0x00007f1b981faf38 [0x00007f1b981faee0+0x58]
J 49 C2 sun.misc.URLClassPath.getResource(Ljava/lang/String;Z)Lsun/misc/Resource; (74 bytes) @ 0x00007f1b98209954 [0x00007f1b982094e0+0x474]
j  java.net.URLClassLoader$1.run()Ljava/lang/Class;+26
j  java.net.URLClassLoader$1.run()Ljava/lang/Object;+1
v  ~StubRoutines::call_stub
j  java.security.AccessController.doPrivileged(Ljava/security/PrivilegedExceptionAction;Ljava/security/AccessControlContext;)Ljava/lang/Object;+0
j  java.net.URLClassLoader.findClass(Ljava/lang/String;)Ljava/lang/Class;+13
j  java.lang.ClassLoader.loadClass(Ljava/lang/String;Z)Ljava/lang/Class;+70
j  sun.misc.Launcher$AppClassLoader.loadClass(Ljava/lang/String;Z)Ljava/lang/Class;+36
j  java.lang.ClassLoader.loadClass(Ljava/lang/String;)Ljava/lang/Class;+3
v  ~StubRoutines::call_stub
j  managedbeans2.profesores.VerProfesorMBTest.testVerTemasVigentesProfesor()V+72
v  ~StubRoutines::call_stub
j  sun.reflect.NativeMethodAccessorImpl.invoke0(Ljava/lang/reflect/Method;Ljava/lang/Object;[Ljava/lang/Object;)Ljava/lang/Object;+0
j  sun.reflect.NativeMethodAccessorImpl.invoke(Ljava/lang/Object;[Ljava/lang/Object;)Ljava/lang/Object;+87
j  sun.reflect.DelegatingMethodAccessorImpl.invoke(Ljava/lang/Object;[Ljava/lang/Object;)Ljava/lang/Object;+6
j  java.lang.reflect.Method.invoke(Ljava/lang/Object;[Ljava/lang/Object;)Ljava/lang/Object;+57
j  org.junit.runners.model.FrameworkMethod$1.runReflectiveCall()Ljava/lang/Object;+15
j  org.junit.internal.runners.model.ReflectiveCallable.run()Ljava/lang/Object;+1
j  org.junit.runners.model.FrameworkMethod.invokeExplosively(Ljava/lang/Object;[Ljava/lang/Object;)Ljava/lang/Object;+10
j  org.junit.internal.runners.statements.InvokeMethod.evaluate()V+12
j  org.junit.internal.runners.statements.RunBefores.evaluate()V+49
j  org.junit.runners.ParentRunner.runLeaf(Lorg/junit/runners/model/Statement;Lorg/junit/runner/Description;Lorg/junit/runner/notification/RunNotifier;)V+17
j  org.junit.runners.BlockJUnit4ClassRunner.runChild(Lorg/junit/runners/model/FrameworkMethod;Lorg/junit/runner/notification/RunNotifier;)V+30
j  org.junit.runners.BlockJUnit4ClassRunner.runChild(Ljava/lang/Object;Lorg/junit/runner/notification/RunNotifier;)V+6
j  org.junit.runners.ParentRunner$3.run()V+12
j  org.junit.runners.ParentRunner$1.schedule(Ljava/lang/Runnable;)V+1
j  org.junit.runners.ParentRunner.runChildren(Lorg/junit/runner/notification/RunNotifier;)V+44
j  org.junit.runners.ParentRunner.access$000(Lorg/junit/runners/ParentRunner;Lorg/junit/runner/notification/RunNotifier;)V+2
j  org.junit.runners.ParentRunner$2.evaluate()V+8
j  org.junit.runners.ParentRunner.run(Lorg/junit/runner/notification/RunNotifier;)V+20
j  org.apache.maven.surefire.junit4.JUnit4TestSet.execute(Ljava/lang/Class;Lorg/junit/runner/notification/RunNotifier;Ljava/lang/String;)V+79
j  org.apache.maven.surefire.junit4.JUnit4Provider.executeTestSet(Ljava/lang/Class;Lorg/apache/maven/surefire/report/RunListener;Lorg/junit/runner/notification/RunNotifier;)V+34
j  org.apache.maven.surefire.junit4.JUnit4Provider.invoke(Ljava/lang/Object;)Lorg/apache/maven/surefire/suite/RunResult;+133
v  ~StubRoutines::call_stub
j  sun.reflect.NativeMethodAccessorImpl.invoke0(Ljava/lang/reflect/Method;Ljava/lang/Object;[Ljava/lang/Object;)Ljava/lang/Object;+0
j  sun.reflect.NativeMethodAccessorImpl.invoke(Ljava/lang/Object;[Ljava/lang/Object;)Ljava/lang/Object;+87
j  sun.reflect.DelegatingMethodAccessorImpl.invoke(Ljava/lang/Object;[Ljava/lang/Object;)Ljava/lang/Object;+6
j  java.lang.reflect.Method.invoke(Ljava/lang/Object;[Ljava/lang/Object;)Ljava/lang/Object;+57
j  org.apache.maven.surefire.util.ReflectionUtils.invokeMethodWithArray(Ljava/lang/Object;Ljava/lang/reflect/Method;[Ljava/lang/Object;)Ljava/lang/Object;+3
j  org.apache.maven.surefire.booter.ProviderFactory$ProviderProxy.invoke(Ljava/lang/Object;)Lorg/apache/maven/surefire/suite/RunResult;+29
j  org.apache.maven.surefire.booter.SurefireStarter.invokeProvider(Ljava/lang/Object;Ljava/lang/ClassLoader;Ljava/lang/ClassLoader;Ljava/lang/Object;)Lorg/apache/maven/surefire/suite/RunResult;+41
j  org.apache.maven.surefire.booter.SurefireStarter.runSuitesInProcessWhenForked()Lorg/apache/maven/surefire/suite/RunResult;+33
j  org.apache.maven.surefire.booter.ForkedBooter.main([Ljava/lang/String;)V+109
v  ~StubRoutines::call_stub

---------------  P R O C E S S  ---------------

Java Threads: ( => current thread )
  0x00007f1b9c679800 JavaThread "Service Thread" daemon [_thread_blocked, id=6158, stack(0x00007f1b854c1000,0x00007f1b855c2000)]
  0x00007f1b9c670800 JavaThread "C2 CompilerThread1" daemon [_thread_blocked, id=6157, stack(0x00007f1b855c2000,0x00007f1b856c3000)]
  0x00007f1b9c66e800 JavaThread "C2 CompilerThread0" daemon [_thread_blocked, id=6156, stack(0x00007f1b856c3000,0x00007f1b857c4000)]
  0x00007f1b9c171800 JavaThread "Signal Dispatcher" daemon [_thread_blocked, id=6155, stack(0x00007f1b8660b000,0x00007f1b8670c000)]
  0x00007f1b9c144800 JavaThread "Finalizer" daemon [_thread_blocked, id=6154, stack(0x00007f1b86dee000,0x00007f1b86eef000)]
  0x00007f1b9c142000 JavaThread "Reference Handler" daemon [_thread_blocked, id=6153, stack(0x00007f1b86eef000,0x00007f1b86ff0000)]
=>0x00007f1b9c00b000 JavaThread "main" [_thread_in_native, id=6145, stack(0x00007f1ba2990000,0x00007f1ba2a91000)]

Other Threads:
  0x00007f1b9c13e000 VMThread [stack: 0x00007f1b86ff0000,0x00007f1b870f1000] [id=6152]
  0x00007f1b9c684000 WatcherThread [stack: 0x00007f1b853c0000,0x00007f1b854c1000] [id=6159]

VM state:not at safepoint (normal execution)

VM Mutex/Monitor currently owned by a thread: None

Heap
 PSYoungGen      total 27648K, used 7621K [0x00000000e1800000, 0x00000000e4e00000, 0x0000000100000000)
  eden space 24064K, 17% used [0x00000000e1800000,0x00000000e1c31948,0x00000000e2f80000)
  from space 3584K, 92% used [0x00000000e2f80000,0x00000000e32bfb68,0x00000000e3300000)
  to   space 3584K, 0% used [0x00000000e4a80000,0x00000000e4a80000,0x00000000e4e00000)
 ParOldGen       total 62464K, used 8K [0x00000000a4800000, 0x00000000a8500000, 0x00000000e1800000)
  object space 62464K, 0% used [0x00000000a4800000,0x00000000a4802000,0x00000000a8500000)
 PSPermGen       total 21504K, used 6617K [0x000000009a200000, 0x000000009b700000, 0x00000000a4800000)
  object space 21504K, 30% used [0x000000009a200000,0x000000009a876720,0x000000009b700000)

Card table byte_map: [0x00007f1b97e51000,0x00007f1b98181000] byte_map_base: 0x00007f1b97980000

Polling page: 0x00007f1ba2aaf000

Code Cache  [0x00007f1b98181000, 0x00007f1b983f1000, 0x00007f1b9b181000)
 total_blobs=285 nmethods=62 adapters=176 free_code_cache=48579Kb largest_free_block=49714944

Compilation events (10 events):
Event: 2,088 Thread 0x00007f1b9c670800   58             org.mockito.asm.Type::getType (253 bytes)
Event: 2,099 Thread 0x00007f1b9c670800 nmethod 58 0x00007f1b981ffb50 code [0x00007f1b981ffe00, 0x00007f1b982002b8]
Event: 2,101 Thread 0x00007f1b9c66e800   59             org.mockito.asm.ByteVector::putUTF8 (397 bytes)
Event: 2,140 Thread 0x00007f1b9c66e800 nmethod 59 0x00007f1b98213210 code [0x00007f1b982133c0, 0x00007f1b98213bf0]
Event: 2,200 Thread 0x00007f1b9c670800   60             org.mockito.asm.Type::getArgumentTypes (131 bytes)
Event: 2,202 Thread 0x00007f1b9c66e800   61             java.util.HashMap::get (29 bytes)
Event: 2,221 Thread 0x00007f1b9c66e800 nmethod 61 0x00007f1b98211290 code [0x00007f1b98211400, 0x00007f1b98211608]
Event: 2,221 Thread 0x00007f1b9c66e800   62             org.mockito.asm.Type::getDescriptor (214 bytes)
Event: 2,230 Thread 0x00007f1b9c66e800 nmethod 62 0x00007f1b98200850 code [0x00007f1b98200a00, 0x00007f1b98200dd0]
Event: 2,234 Thread 0x00007f1b9c670800 nmethod 60 0x00007f1b981fd710 code [0x00007f1b981fd880, 0x00007f1b981fdde8]

GC Heap History (2 events):
Event: 2,141 GC heap before
{Heap before GC invocations=1 (full 0):
 PSYoungGen      total 27648K, used 24064K [0x00000000e1800000, 0x00000000e3680000, 0x0000000100000000)
  eden space 24064K, 100% used [0x00000000e1800000,0x00000000e2f80000,0x00000000e2f80000)
  from space 3584K, 0% used [0x00000000e3300000,0x00000000e3300000,0x00000000e3680000)
  to   space 3584K, 0% used [0x00000000e2f80000,0x00000000e2f80000,0x00000000e3300000)
 ParOldGen       total 62464K, used 0K [0x00000000a4800000, 0x00000000a8500000, 0x00000000e1800000)
  object space 62464K, 0% used [0x00000000a4800000,0x00000000a4800000,0x00000000a8500000)
 PSPermGen       total 21504K, used 6203K [0x000000009a200000, 0x000000009b700000, 0x00000000a4800000)
  object space 21504K, 28% used [0x000000009a200000,0x000000009a80ef90,0x000000009b700000)
Event: 2,166 GC heap after
Heap after GC invocations=1 (full 0):
 PSYoungGen      total 27648K, used 3326K [0x00000000e1800000, 0x00000000e4e00000, 0x0000000100000000)
  eden space 24064K, 0% used [0x00000000e1800000,0x00000000e1800000,0x00000000e2f80000)
  from space 3584K, 92% used [0x00000000e2f80000,0x00000000e32bfb68,0x00000000e3300000)
  to   space 3584K, 0% used [0x00000000e4a80000,0x00000000e4a80000,0x00000000e4e00000)
 ParOldGen       total 62464K, used 8K [0x00000000a4800000, 0x00000000a8500000, 0x00000000e1800000)
  object space 62464K, 0% used [0x00000000a4800000,0x00000000a4802000,0x00000000a8500000)
 PSPermGen       total 21504K, used 6203K [0x000000009a200000, 0x000000009b700000, 0x00000000a4800000)
  object space 21504K, 28% used [0x000000009a200000,0x000000009a80ef90,0x000000009b700000)
}

Deoptimization events (0 events):
No events

Internal exceptions (10 events):
Event: 2,290 Thread 0x00007f1b9c00b000 Threw 0x00000000e1bbdfa0 at /build/buildd/openjdk-7-7u79-2.5.5/build/openjdk/hotspot/src/share/vm/prims/jvm.cpp:1284
Event: 2,291 Thread 0x00007f1b9c00b000 Threw 0x00000000e1bc5800 at /build/buildd/openjdk-7-7u79-2.5.5/build/openjdk/hotspot/src/share/vm/prims/jvm.cpp:1284
Event: 2,291 Thread 0x00007f1b9c00b000 Threw 0x00000000e1bcf300 at /build/buildd/openjdk-7-7u79-2.5.5/build/openjdk/hotspot/src/share/vm/prims/jvm.cpp:1284
Event: 2,293 Thread 0x00007f1b9c00b000 Threw 0x00000000e1bd8cc0 at /build/buildd/openjdk-7-7u79-2.5.5/build/openjdk/hotspot/src/share/vm/prims/jvm.cpp:1284
Event: 2,294 Thread 0x00007f1b9c00b000 Threw 0x00000000e1be18e8 at /build/buildd/openjdk-7-7u79-2.5.5/build/openjdk/hotspot/src/share/vm/prims/jvm.cpp:1284
Event: 2,295 Thread 0x00007f1b9c00b000 Threw 0x00000000e1bea568 at /build/buildd/openjdk-7-7u79-2.5.5/build/openjdk/hotspot/src/share/vm/prims/jvm.cpp:1284
Event: 2,295 Thread 0x00007f1b9c00b000 Threw 0x00000000e1bf1cc8 at /build/buildd/openjdk-7-7u79-2.5.5/build/openjdk/hotspot/src/share/vm/prims/jvm.cpp:1284
Event: 2,296 Thread 0x00007f1b9c00b000 Threw 0x00000000e1bf8fd8 at /build/buildd/openjdk-7-7u79-2.5.5/build/openjdk/hotspot/src/share/vm/prims/jvm.cpp:1284
Event: 2,297 Thread 0x00007f1b9c00b000 Threw 0x00000000e1c01960 at /build/buildd/openjdk-7-7u79-2.5.5/build/openjdk/hotspot/src/share/vm/prims/jvm.cpp:1284
Event: 2,302 Thread 0x00007f1b9c00b000 Threw 0x00000000e1c18a08 at /build/buildd/openjdk-7-7u79-2.5.5/build/openjdk/hotspot/src/share/vm/prims/jvm.cpp:1284

Events (10 events):
Event: 2,295 loading class 0x00007f1b9c7c3c10
Event: 2,295 loading class 0x00007f1b9c7c3c10 done
Event: 2,295 loading class 0x00007f1b9c74aa30
Event: 2,295 loading class 0x00007f1b9c74aa30 done
Event: 2,296 loading class 0x00007f1b9c7b9290
Event: 2,296 loading class 0x00007f1b9c7b9290 done
Event: 2,297 loading class 0x00007f1b9c6ebc90
Event: 2,297 loading class 0x00007f1b9c6ebc90 done
Event: 2,302 loading class 0x00007f1b9c6d90a0
Event: 2,302 loading class 0x00007f1b9c6d90a0 done


Dynamic libraries:
00400000-00401000 r-xp 00000000 08:09 1454712                            /usr/lib/jvm/java-7-openjdk-amd64/jre/bin/java
00600000-00601000 r--p 00000000 08:09 1454712                            /usr/lib/jvm/java-7-openjdk-amd64/jre/bin/java
00601000-00602000 rw-p 00001000 08:09 1454712                            /usr/lib/jvm/java-7-openjdk-amd64/jre/bin/java
008be000-008df000 rw-p 00000000 00:00 0                                  [heap]
9a200000-9b700000 rw-p 00000000 00:00 0 
9b700000-a4800000 rw-p 00000000 00:00 0 
a4800000-a8500000 rw-p 00000000 00:00 0 
a8500000-e1800000 rw-p 00000000 00:00 0 
e1800000-e4e00000 rw-p 00000000 00:00 0 
e4e00000-100000000 rw-p 00000000 00:00 0 
7f1b5c000000-7f1b5c021000 rw-p 00000000 00:00 0 
7f1b5c021000-7f1b60000000 ---p 00000000 00:00 0 
7f1b64000000-7f1b64329000 rw-p 00000000 00:00 0 
7f1b64329000-7f1b68000000 ---p 00000000 00:00 0 
7f1b68000000-7f1b68021000 rw-p 00000000 00:00 0 
7f1b68021000-7f1b6c000000 ---p 00000000 00:00 0 
7f1b6c000000-7f1b6c021000 rw-p 00000000 00:00 0 
7f1b6c021000-7f1b70000000 ---p 00000000 00:00 0 
7f1b70000000-7f1b70459000 rw-p 00000000 00:00 0 
7f1b70459000-7f1b74000000 ---p 00000000 00:00 0 
7f1b74000000-7f1b74021000 rw-p 00000000 00:00 0 
7f1b74021000-7f1b78000000 ---p 00000000 00:00 0 
7f1b78000000-7f1b78021000 rw-p 00000000 00:00 0 
7f1b78021000-7f1b7c000000 ---p 00000000 00:00 0 
7f1b7c000000-7f1b7c021000 rw-p 00000000 00:00 0 
7f1b7c021000-7f1b80000000 ---p 00000000 00:00 0 
7f1b80000000-7f1b80021000 rw-p 00000000 00:00 0 
7f1b80021000-7f1b84000000 ---p 00000000 00:00 0 
7f1b853c0000-7f1b853c1000 ---p 00000000 00:00 0 
7f1b853c1000-7f1b854c1000 rw-p 00000000 00:00 0                          [stack:6159]
7f1b854c1000-7f1b854c4000 ---p 00000000 00:00 0 
7f1b854c4000-7f1b855c2000 rw-p 00000000 00:00 0                          [stack:6158]
7f1b855c2000-7f1b855c5000 ---p 00000000 00:00 0 
7f1b855c5000-7f1b856c3000 rw-p 00000000 00:00 0                          [stack:6157]
7f1b856c3000-7f1b856c6000 ---p 00000000 00:00 0 
7f1b856c6000-7f1b857c4000 rw-p 00000000 00:00 0                          [stack:6156]
7f1b857c4000-7f1b857c9000 r-xp 00000000 08:09 1449570                    /usr/lib/x86_64-linux-gnu/libXdmcp.so.6.0.0
7f1b857c9000-7f1b859c8000 ---p 00005000 08:09 1449570                    /usr/lib/x86_64-linux-gnu/libXdmcp.so.6.0.0
7f1b859c8000-7f1b859c9000 r--p 00004000 08:09 1449570                    /usr/lib/x86_64-linux-gnu/libXdmcp.so.6.0.0
7f1b859c9000-7f1b859ca000 rw-p 00005000 08:09 1449570                    /usr/lib/x86_64-linux-gnu/libXdmcp.so.6.0.0
7f1b859ca000-7f1b859cc000 r-xp 00000000 08:09 1449559                    /usr/lib/x86_64-linux-gnu/libXau.so.6.0.0
7f1b859cc000-7f1b85bcc000 ---p 00002000 08:09 1449559                    /usr/lib/x86_64-linux-gnu/libXau.so.6.0.0
7f1b85bcc000-7f1b85bcd000 r--p 00002000 08:09 1449559                    /usr/lib/x86_64-linux-gnu/libXau.so.6.0.0
7f1b85bcd000-7f1b85bce000 rw-p 00003000 08:09 1449559                    /usr/lib/x86_64-linux-gnu/libXau.so.6.0.0
7f1b85bce000-7f1b85beb000 r-xp 00000000 08:09 1450757                    /usr/lib/x86_64-linux-gnu/libxcb.so.1.1.0
7f1b85beb000-7f1b85deb000 ---p 0001d000 08:09 1450757                    /usr/lib/x86_64-linux-gnu/libxcb.so.1.1.0
7f1b85deb000-7f1b85dec000 r--p 0001d000 08:09 1450757                    /usr/lib/x86_64-linux-gnu/libxcb.so.1.1.0
7f1b85dec000-7f1b85ded000 rw-p 0001e000 08:09 1450757                    /usr/lib/x86_64-linux-gnu/libxcb.so.1.1.0
7f1b85ded000-7f1b85f20000 r-xp 00000000 08:09 1449555                    /usr/lib/x86_64-linux-gnu/libX11.so.6.3.0
7f1b85f20000-7f1b86120000 ---p 00133000 08:09 1449555                    /usr/lib/x86_64-linux-gnu/libX11.so.6.3.0
7f1b86120000-7f1b86121000 r--p 00133000 08:09 1449555                    /usr/lib/x86_64-linux-gnu/libX11.so.6.3.0
7f1b86121000-7f1b86125000 rw-p 00134000 08:09 1449555                    /usr/lib/x86_64-linux-gnu/libX11.so.6.3.0
7f1b86125000-7f1b86126000 rw-p 00000000 00:00 0 
7f1b8613b000-7f1b8613c000 rw-p 00000000 00:00 0 
7f1b8613c000-7f1b8613e000 r--s 00007000 08:09 1312414                    /home/giovanni/.m2/repository/org/apache/maven/surefire/surefire-junit4/2.10/surefire-junit4-2.10.jar
7f1b8613e000-7f1b86140000 r--s 00006000 08:09 1840212                    /usr/share/java/jayatana.jar
7f1b86140000-7f1b86142000 r-xp 00000000 08:09 1444512                    /usr/lib/jayatana/libjayatanaag.so
7f1b86142000-7f1b86341000 ---p 00002000 08:09 1444512                    /usr/lib/jayatana/libjayatanaag.so
7f1b86341000-7f1b86342000 r--p 00001000 08:09 1444512                    /usr/lib/jayatana/libjayatanaag.so
7f1b86342000-7f1b86343000 rw-p 00002000 08:09 1444512                    /usr/lib/jayatana/libjayatanaag.so
7f1b86343000-7f1b86344000 r--s 00000000 08:09 1840213                    /usr/share/java/jayatanaag.jar
7f1b86344000-7f1b8634d000 r--s 0006f000 08:09 1310443                    /home/giovanni/.m2/repository/log4j/log4j/1.2.17/log4j-1.2.17.jar
7f1b8634d000-7f1b86378000 r--s 001f9000 08:09 1466482                    /home/giovanni/.m2/repository/com/google/guava/guava/17.0/guava-17.0.jar
7f1b86378000-7f1b8637d000 r--s 00068000 08:09 932432                     /home/giovanni/.m2/repository/antlr/antlr/2.7.7/antlr-2.7.7.jar
7f1b8637d000-7f1b86380000 r--s 00022000 08:09 1466475                    /home/giovanni/.m2/repository/org/antlr/stringtemplate/3.2.1/stringtemplate-3.2.1.jar
7f1b86380000-7f1b86383000 r--s 00025000 08:09 1466473                    /home/giovanni/.m2/repository/org/antlr/antlr-runtime/3.3/antlr-runtime-3.3.jar
7f1b86383000-7f1b863a3000 r--s 0019d000 08:09 1466471                    /home/giovanni/.m2/repository/org/apache/poi/poi/3.8/poi-3.8.jar
7f1b863a3000-7f1b863b3000 r--s 00112000 08:09 1466469                    /home/giovanni/.m2/repository/org/apache/poi/poi-scratchpad/3.8/poi-scratchpad-3.8.jar
7f1b863b3000-7f1b863b5000 r--s 0000c000 08:09 1466448                    /home/giovanni/.m2/repository/net/arnx/wmf2svg/0.9.0/wmf2svg-0.9.0.jar
7f1b863b5000-7f1b863b8000 r--s 00041000 08:09 932430                     /home/giovanni/.m2/repository/xalan/serializer/2.7.1/serializer-2.7.1.jar
7f1b863b8000-7f1b863dd000 r--s 002e3000 08:09 932429                     /home/giovanni/.m2/repository/xalan/xalan/2.7.1/xalan-2.7.1.jar
7f1b863dd000-7f1b863df000 r--s 0000d000 08:09 1466366                    /home/giovanni/.m2/repository/org/apache/avalon/framework/avalon-framework-impl/4.3.1/avalon-framework-impl-4.3.1.jar
7f1b863df000-7f1b863e2000 r--s 00006000 08:09 1466365                    /home/giovanni/.m2/repository/org/apache/avalon/framework/avalon-framework-api/4.3.1/avalon-framework-api-4.3.1.jar
7f1b863e2000-7f1b863e3000 r--s 00002000 08:09 1466364                    /home/giovanni/.m2/repository/org/apache/xmlgraphics/batik-ext/1.7/batik-ext-1.7.jar
7f1b863e3000-7f1b863e5000 r--s 0000f000 08:09 1466360                    /home/giovanni/.m2/repository/org/apache/xmlgraphics/batik-extension/1.7/batik-extension-1.7.jar
7f1b863e5000-7f1b863ea000 r--s 00030000 08:09 1466358                    /home/giovanni/.m2/repository/org/apache/xmlgraphics/batik-svggen/1.7/batik-svggen-1.7.jar
7f1b863ea000-7f1b863ed000 r--s 0001b000 08:09 1466357                    /home/giovanni/.m2/repository/org/apache/xmlgraphics/batik-transcoder/1.7/batik-transcoder-1.7.jar
7f1b863ed000-7f1b863f1000 r--s 00038000 08:09 1466354                    /home/giovanni/.m2/repository/org/apache/xmlgraphics/batik-gvt/1.7/batik-gvt-1.7.jar
7f1b863f1000-7f1b863f9000 r--s 0005b000 08:09 1466340                    /home/giovanni/.m2/repository/org/apache/xmlgraphics/batik-awt-util/1.7/batik-awt-util-1.7.jar
7f1b863f9000-7f1b863fa000 r--s 00007000 08:09 1466339                    /home/giovanni/.m2/repository/org/apache/xmlgraphics/batik-xml/1.7/batik-xml-1.7.jar
7f1b863fa000-7f1b86402000 r--s 00074000 08:09 1466336                    /home/giovanni/.m2/repository/org/apache/xmlgraphics/batik-js/1.7/batik-js-1.7.jar
7f1b86402000-7f1b86404000 r--s 0000d000 08:09 1466334                    /home/giovanni/.m2/repository/org/apache/xmlgraphics/batik-script/1.7/batik-script-1.7.jar
7f1b86404000-7f1b8640e000 r--s 0007f000 08:09 1466332                    /home/giovanni/.m2/repository/org/apache/xmlgraphics/batik-bridge/1.7/batik-bridge-1.7.jar
7f1b8640e000-7f1b86411000 r--s 0001d000 08:09 1466330                    /home/giovanni/.m2/repository/org/apache/xmlgraphics/batik-util/1.7/batik-util-1.7.jar
7f1b86411000-7f1b86413000 r--s 00010000 08:09 1466325                    /home/giovanni/.m2/repository/org/apache/xmlgraphics/batik-parser/1.7/batik-parser-1.7.jar
7f1b86413000-7f1b86417000 r--s 00027000 08:09 1466323                    /home/giovanni/.m2/repository/org/apache/xmlgraphics/batik-dom/1.7/batik-dom-1.7.jar
7f1b86417000-7f1b8641e000 r--s 00045000 08:09 1466321                    /home/giovanni/.m2/repository/org/apache/xmlgraphics/batik-css/1.7/batik-css-1.7.jar
7f1b8641e000-7f1b86421000 r--s 00015000 08:09 1466319                    /home/giovanni/.m2/repository/org/apache/xmlgraphics/batik-anim/1.7/batik-anim-1.7.jar
7f1b86421000-7f1b8642e000 r--s 00086000 08:09 1466317                    /home/giovanni/.m2/repository/org/apache/xmlgraphics/batik-svg-dom/1.7/batik-svg-dom-1.7.jar
7f1b8642e000-7f1b86467000 r--s 00329000 08:09 1466315                    /home/giovanni/.m2/repository/org/apache/xmlgraphics/fop/1.1/fop-1.1.jar
7f1b86467000-7f1b86471000 r--s 00089000 08:09 1466314                    /home/giovanni/.m2/repository/org/apache/xmlgraphics/xmlgraphics-commons/1.5/xmlgraphics-commons-1.5.jar
7f1b86471000-7f1b86475000 r--s 0003c000 08:09 1466312                    /home/giovanni/.m2/repository/commons-lang/commons-lang/2.4/commons-lang-2.4.jar
7f1b86475000-7f1b86477000 r--s 00001000 08:09 1466310                    /home/giovanni/.m2/repository/org/slf4j/slf4j-log4j12/1.7.5/slf4j-log4j12-1.7.5.jar
7f1b86477000-7f1b86479000 r--s 00003000 08:09 1466309                    /home/giovanni/.m2/repository/org/slf4j/jcl-over-slf4j/1.7.5/jcl-over-slf4j-1.7.5.jar
7f1b86479000-7f1b8647b000 r--s 00005000 08:09 1309330                    /home/giovanni/.m2/repository/org/slf4j/slf4j-api/1.7.5/slf4j-api-1.7.5.jar
7f1b8647b000-7f1b8647f000 r--s 00011000 08:09 1466306                    /home/giovanni/.m2/repository/net/engio/mbassador/1.1.10/mbassador-1.1.10.jar
7f1b8647f000-7f1b86480000 r--s 00006000 08:09 1466304                    /home/giovanni/.m2/repository/org/plutext/jaxb-xmldsig-core/1.0.0/jaxb-xmldsig-core-1.0.0.jar
7f1b86480000-7f1b86484000 r--s 000a4000 08:09 1466302                    /home/giovanni/.m2/repository/org/plutext/jaxb-xslfo/1.0.1/jaxb-xslfo-1.0.1.jar
7f1b86484000-7f1b86489000 r--s 00040000 08:09 1466301                    /home/giovanni/.m2/repository/org/plutext/jaxb-svg11/1.0.2/jaxb-svg11-1.0.2.jar
7f1b86489000-7f1b864cf000 r--s 003cc000 08:09 1466299                    /home/giovanni/.m2/repository/org/docx4j/docx4j/3.2.1/docx4j-3.2.1.jar
7f1b864cf000-7f1b864d6000 r--s 00064000 08:09 1466297                    /home/giovanni/.m2/repository/org/apache/commons/commons-lang3/3.4/commons-lang3-3.4.jar
7f1b864d6000-7f1b864e1000 r--s 000d5000 08:09 1309377                    /home/giovanni/.m2/repository/net/java/dev/jna/platform/3.4.0/platform-3.4.0.jar
7f1b864e1000-7f1b864e5000 r--s 000f3000 08:09 1309375                    /home/giovanni/.m2/repository/net/java/dev/jna/jna/3.4.0/jna-3.4.0.jar
7f1b864e5000-7f1b864e7000 r--s 0000b000 08:09 1309374                    /home/giovanni/.m2/repository/org/apache/commons/commons-exec/1.1/commons-exec-1.1.jar
7f1b864e7000-7f1b864ed000 r--s 0003f000 08:09 1466294                    /home/giovanni/.m2/repository/org/apache/httpcomponents/httpcore/4.3/httpcore-4.3.jar
7f1b864ed000-7f1b864f8000 r--s 00084000 08:09 1466293                    /home/giovanni/.m2/repository/org/apache/httpcomponents/httpclient/4.3.1/httpclient-4.3.1.jar
7f1b864f8000-7f1b864fe000 r--s 0001e000 08:09 1466291                    /home/giovanni/.m2/repository/org/seleniumhq/selenium/selenium-api/2.39.0/selenium-api-2.39.0.jar
7f1b864fe000-7f1b86500000 r--s 00008000 08:09 1466289                    /home/giovanni/.m2/repository/org/json/json/20080701/json-20080701.jar
7f1b86500000-7f1b86507000 r--s 00049000 08:09 932426                     /home/giovanni/.m2/repository/cglib/cglib-nodep/2.1_3/cglib-nodep-2.1_3.jar
7f1b86507000-7f1b8650d000 r--s 00037000 08:09 1466286                    /home/giovanni/.m2/repository/org/seleniumhq/selenium/selenium-remote-driver/2.39.0/selenium-remote-driver-2.39.0.jar
7f1b8650d000-7f1b8650e000 r--s 00002000 08:09 1466285                    /home/giovanni/.m2/repository/com/github/detro/ghostdriver/phantomjsdriver/1.1.0/phantomjsdriver-1.1.0.jar
7f1b8650e000-7f1b86515000 r--s 0003a000 08:09 932424                     /home/giovanni/.m2/repository/commons-codec/commons-codec/1.9/commons-codec-1.9.jar
7f1b86515000-7f1b8651b000 r--s 00039000 08:09 1466283                    /home/giovanni/.m2/repository/org/yaml/snakeyaml/1.8/snakeyaml-1.8.jar
7f1b8651b000-7f1b86521000 r--s 0005e000 08:09 1466281                    /home/giovanni/.m2/repository/org/seleniumhq/selenium/selenium-leg-rc/2.45.0/selenium-leg-rc-2.45.0.jar
7f1b86521000-7f1b86536000 r--s 000fd000 08:09 932423                     /home/giovanni/.m2/repository/io/netty/netty/3.5.2.Final/netty-3.5.2.Final.jar
7f1b86536000-7f1b8653b000 r--s 00024000 08:09 1466278                    /home/giovanni/.m2/repository/org/webbitserver/webbit/0.4.14/webbit-0.4.14.jar
7f1b8653b000-7f1b86540000 r--s 0001d000 08:09 1466277                    /home/giovanni/.m2/repository/org/seleniumhq/selenium/selenium-support/2.45.0/selenium-support-2.45.0.jar
7f1b86540000-7f1b86542000 r--s 00049000 08:09 1466276                    /home/giovanni/.m2/repository/org/seleniumhq/selenium/selenium-safari-driver/2.45.0/selenium-safari-driver-2.45.0.jar
7f1b86542000-7f1b86543000 r--s 00002000 08:09 1466273                    /home/giovanni/.m2/repository/org/seleniumhq/selenium/selenium-ie-driver/2.45.0/selenium-ie-driver-2.45.0.jar
7f1b86543000-7f1b86545000 r--s 00282000 08:09 1466271                    /home/giovanni/.m2/repository/org/seleniumhq/selenium/selenium-firefox-driver/2.45.0/selenium-firefox-driver-2.45.0.jar
7f1b86545000-7f1b86547000 r--s 00016000 08:09 1466269                    /home/giovanni/.m2/repository/org/eclipse/jetty/jetty-http/8.1.15.v20140411/jetty-http-8.1.15.v20140411.jar
7f1b86547000-7f1b86549000 r--s 00018000 08:09 1466268                    /home/giovanni/.m2/repository/org/eclipse/jetty/jetty-io/8.1.15.v20140411/jetty-io-8.1.15.v20140411.jar
7f1b86549000-7f1b8654e000 r--s 00042000 08:09 1466265                    /home/giovanni/.m2/repository/org/eclipse/jetty/jetty-util/8.1.15.v20140411/jetty-util-8.1.15.v20140411.jar
7f1b8654e000-7f1b86551000 r--s 0001d000 08:09 1466263                    /home/giovanni/.m2/repository/org/eclipse/jetty/jetty-websocket/8.1.15.v20140411/jetty-websocket-8.1.15.v20140411.jar
7f1b86551000-7f1b86552000 r--s 00003000 08:09 1466262                    /home/giovanni/.m2/repository/org/w3c/css/sac/1.3/sac-1.3.jar
7f1b86552000-7f1b86556000 r--s 00053000 08:09 1466259                    /home/giovanni/.m2/repository/net/sourceforge/cssparser/cssparser/0.9.14/cssparser-0.9.14.jar
7f1b86556000-7f1b86559000 r--s 0001c000 08:09 1466257                    /home/giovanni/.m2/repository/net/sourceforge/nekohtml/nekohtml/1.9.21/nekohtml-1.9.21.jar
7f1b86559000-7f1b86562000 r--s 0002d000 08:09 1466255                    /home/giovanni/.m2/repository/xml-apis/xml-apis/1.4.01/xml-apis-1.4.01.jar
7f1b86562000-7f1b8657b000 r--s 00135000 08:09 932421                     /home/giovanni/.m2/repository/xerces/xercesImpl/2.11.0/xercesImpl-2.11.0.jar
7f1b8657b000-7f1b86588000 r--s 000ee000 08:09 1466252                    /home/giovanni/.m2/repository/net/sourceforge/htmlunit/htmlunit-core-js/2.15/htmlunit-core-js-2.15.jar
7f1b86588000-7f1b8658a000 r--s 00008000 08:09 1466250                    /home/giovanni/.m2/repository/org/apache/httpcomponents/httpmime/4.3.3/httpmime-4.3.3.jar
7f1b8658a000-7f1b86598000 r--s 0007f000 08:09 1312107                    /home/giovanni/.m2/repository/commons-collections/commons-collections/3.2.1/commons-collections-3.2.1.jar
7f1b86598000-7f1b865b1000 r--s 0014a000 08:09 1309264                    /home/giovanni/.m2/repository/net/sourceforge/htmlunit/htmlunit/2.15/htmlunit-2.15.jar
7f1b865b1000-7f1b865b3000 r--s 0000d000 08:09 1466248                    /home/giovanni/.m2/repository/org/seleniumhq/selenium/selenium-htmlunit-driver/2.45.0/selenium-htmlunit-driver-2.45.0.jar
7f1b865b3000-7f1b865b4000 r--s 00002000 08:09 1466247                    /home/giovanni/.m2/repository/org/seleniumhq/selenium/selenium-chrome-driver/2.45.0/selenium-chrome-driver-2.45.0.jar
7f1b865b4000-7f1b865bc000 r--s 000af000 08:09 1466241                    /home/giovanni/.m2/repository/org/seleniumhq/selenium/jetty-rc-repacked/5/jetty-rc-repacked-5.jar
7f1b865bc000-7f1b865ca000 r--s 000eb000 08:09 1466238                    /home/giovanni/.m2/repository/org/seleniumhq/selenium/jetty-repacked/7.6.1/jetty-repacked-7.6.1.jar
7f1b865ca000-7f1b865cd000 r--s 0001e000 08:09 1466236                    /home/giovanni/.m2/repository/org/mortbay/jetty/servlet-api-2.5/6.1.9/servlet-api-2.5-6.1.9.jar
7f1b865cd000-7f1b865d8000 r--s 0006f000 08:09 800420                     /home/giovanni/.m2/repository/mx4j/mx4j-tools/3.0.1/mx4j-tools-3.0.1.jar
7f1b865d8000-7f1b8660b000 r--s 00203000 08:09 1466231                    /home/giovanni/.m2/repository/org/bouncycastle/bcprov-jdk15on/1.48/bcprov-jdk15on-1.48.jar
7f1b8660b000-7f1b8660e000 ---p 00000000 00:00 0 
7f1b8660e000-7f1b8670c000 rw-p 00000000 00:00 0                          [stack:6155]
7f1b8670c000-7f1b86dee000 r--p 00000000 08:09 1447970                    /usr/lib/locale/locale-archive
7f1b86dee000-7f1b86df1000 ---p 00000000 00:00 0 
7f1b86df1000-7f1b86eef000 rw-p 00000000 00:00 0                          [stack:6154]
7f1b86eef000-7f1b86ef2000 ---p 00000000 00:00 0 
7f1b86ef2000-7f1b86ff0000 rw-p 00000000 00:00 0                          [stack:6153]
7f1b86ff0000-7f1b86ff1000 ---p 00000000 00:00 0 
7f1b86ff1000-7f1b88000000 rw-p 00000000 00:00 0                          [stack:6152]
7f1b88000000-7f1b88021000 rw-p 00000000 00:00 0 
7f1b88021000-7f1b8c000000 ---p 00000000 00:00 0 
7f1b8c000000-7f1b8c021000 rw-p 00000000 00:00 0 
7f1b8c021000-7f1b90000000 ---p 00000000 00:00 0 
7f1b90000000-7f1b90021000 rw-p 00000000 00:00 0 
7f1b90021000-7f1b94000000 ---p 00000000 00:00 0 
7f1b94000000-7f1b94001000 r--s 00000000 08:09 1466244                    /home/giovanni/.m2/repository/org/seleniumhq/selenium/selenium-java/2.45.0/selenium-java-2.45.0.jar
7f1b94001000-7f1b94002000 r--s 00000000 08:09 1466242                    /home/giovanni/.m2/repository/net/jcip/jcip-annotations/1.0/jcip-annotations-1.0.jar
7f1b94002000-7f1b94010000 r--s 00081000 08:09 1466233                    /home/giovanni/.m2/repository/org/bouncycastle/bcpkix-jdk15on/1.48/bcpkix-jdk15on-1.48.jar
7f1b94010000-7f1b9401f000 r--s 001b7000 08:09 1466229                    /home/giovanni/.m2/repository/org/seleniumhq/selenium/selenium-server/2.45.0/selenium-server-2.45.0.jar
7f1b9401f000-7f1b94027000 r--s 00045000 08:09 1314645                    /home/giovanni/.m2/repository/junit/junit/4.12/junit-4.12.jar
7f1b94027000-7f1b94029000 r--s 00005000 08:09 1310503                    /home/giovanni/.m2/repository/org/objenesis/objenesis/1.0/objenesis-1.0.jar
7f1b94029000-7f1b9402b000 r--s 00011000 08:09 1311026                    /home/giovanni/.m2/repository/org/hamcrest/hamcrest-core/1.1/hamcrest-core-1.1.jar
7f1b9402b000-7f1b9404a000 r--s 00150000 08:09 1311025                    /home/giovanni/.m2/repository/org/mockito/mockito-core/1.9.5/mockito-core-1.9.5.jar
7f1b9404a000-7f1b9404d000 r--s 00015000 08:09 1466227                    /home/giovanni/.m2/repository/javax/servlet/javax.servlet-api/3.1.0/javax.servlet-api-3.1.0.jar
7f1b9404d000-7f1b94062000 r--s 000e2000 08:09 1466226                    /home/giovanni/.m2/repository/org/springframework/spring-core/4.1.6.RELEASE/spring-core-4.1.6.RELEASE.jar
7f1b94062000-7f1b9406e000 r--s 0006f000 08:09 1466223                    /home/giovanni/.m2/repository/org/springframework/spring-test/4.1.6.RELEASE/spring-test-4.1.6.RELEASE.jar
7f1b9406e000-7f1b94086000 r--s 003cd000 08:09 1466215                    /home/giovanni/.m2/repository/org/apache/pdfbox/pdfbox/1.8.9/pdfbox-1.8.9.jar
7f1b94086000-7f1b940a7000 r--s 0015a000 08:09 1466211                    /home/giovanni/.m2/repository/org/bouncycastle/bcprov-jdk14/1.38/bcprov-jdk14-1.38.jar
7f1b940a7000-7f1b940b6000 r--s 0017b000 08:09 1466209                    /home/giovanni/.m2/repository/com/itextpdf/itextpdf/5.0.6/itextpdf-5.0.6.jar
7f1b940b6000-7f1b940d8000 r--s 00120000 08:09 1466210                    /home/giovanni/.m2/repository/javax/javaee-web-api/7.0/javaee-web-api-7.0.jar
7f1b940d8000-7f1b940f0000 r--s 001ab000 08:09 1464592                    /home/giovanni/.m2/repository/org/primefaces/primefaces/3.5/primefaces-3.5.jar
7f1b940f0000-7f1b94139000 rw-p 00000000 00:00 0 
7f1b94139000-7f1b942ea000 r--s 01d27000 08:09 1454627                    /usr/lib/jvm/java-7-openjdk-amd64/jre/lib/rt.jar
7f1b942ea000-7f1b979fa000 rw-p 00000000 00:00 0 
7f1b979fa000-7f1b979fb000 ---p 00000000 00:00 0 
7f1b979fb000-7f1b97afb000 rw-p 00000000 00:00 0                          [stack:6151]
7f1b97afb000-7f1b97afc000 ---p 00000000 00:00 0 
7f1b97afc000-7f1b97bfc000 rw-p 00000000 00:00 0                          [stack:6150]
7f1b97bfc000-7f1b97bfd000 ---p 00000000 00:00 0 
7f1b97bfd000-7f1b97cfd000 rw-p 00000000 00:00 0                          [stack:6149]
7f1b97cfd000-7f1b97cfe000 ---p 00000000 00:00 0 
7f1b97cfe000-7f1b97e09000 rw-p 00000000 00:00 0                          [stack:6148]
7f1b97e09000-7f1b97e51000 rw-p 00000000 00:00 0 
7f1b97e51000-7f1b97e5c000 rw-p 00000000 00:00 0 
7f1b97e5c000-7f1b97ea4000 rw-p 00000000 00:00 0 
7f1b97ea4000-7f1b97ec3000 rw-p 00000000 00:00 0 
7f1b97ec3000-7f1b9808c000 rw-p 00000000 00:00 0 
7f1b9808c000-7f1b980a7000 rw-p 00000000 00:00 0 
7f1b980a7000-7f1b98180000 rw-p 00000000 00:00 0 
7f1b98180000-7f1b98181000 rw-p 00000000 00:00 0 
7f1b98181000-7f1b983f1000 rwxp 00000000 00:00 0 
7f1b983f1000-7f1b9b181000 rw-p 00000000 00:00 0 
7f1b9b181000-7f1b9b189000 r-xp 00000000 08:09 1454671                    /usr/lib/jvm/java-7-openjdk-amd64/jre/lib/amd64/libzip.so
7f1b9b189000-7f1b9b388000 ---p 00008000 08:09 1454671                    /usr/lib/jvm/java-7-openjdk-amd64/jre/lib/amd64/libzip.so
7f1b9b388000-7f1b9b389000 r--p 00007000 08:09 1454671                    /usr/lib/jvm/java-7-openjdk-amd64/jre/lib/amd64/libzip.so
7f1b9b389000-7f1b9b38a000 rw-p 00008000 08:09 1454671                    /usr/lib/jvm/java-7-openjdk-amd64/jre/lib/amd64/libzip.so
7f1b9b38a000-7f1b9b396000 r-xp 00000000 08:09 920236                     /lib/x86_64-linux-gnu/libnss_files-2.21.so
7f1b9b396000-7f1b9b595000 ---p 0000c000 08:09 920236                     /lib/x86_64-linux-gnu/libnss_files-2.21.so
7f1b9b595000-7f1b9b596000 r--p 0000b000 08:09 920236                     /lib/x86_64-linux-gnu/libnss_files-2.21.so
7f1b9b596000-7f1b9b597000 rw-p 0000c000 08:09 920236                     /lib/x86_64-linux-gnu/libnss_files-2.21.so
7f1b9b597000-7f1b9b5a2000 r-xp 00000000 08:09 920246                     /lib/x86_64-linux-gnu/libnss_nis-2.21.so
7f1b9b5a2000-7f1b9b7a1000 ---p 0000b000 08:09 920246                     /lib/x86_64-linux-gnu/libnss_nis-2.21.so
7f1b9b7a1000-7f1b9b7a2000 r--p 0000a000 08:09 920246                     /lib/x86_64-linux-gnu/libnss_nis-2.21.so
7f1b9b7a2000-7f1b9b7a3000 rw-p 0000b000 08:09 920246                     /lib/x86_64-linux-gnu/libnss_nis-2.21.so
7f1b9b7a3000-7f1b9b7ba000 r-xp 00000000 08:09 920230                     /lib/x86_64-linux-gnu/libnsl-2.21.so
7f1b9b7ba000-7f1b9b9b9000 ---p 00017000 08:09 920230                     /lib/x86_64-linux-gnu/libnsl-2.21.so
7f1b9b9b9000-7f1b9b9ba000 r--p 00016000 08:09 920230                     /lib/x86_64-linux-gnu/libnsl-2.21.so
7f1b9b9ba000-7f1b9b9bb000 rw-p 00017000 08:09 920230                     /lib/x86_64-linux-gnu/libnsl-2.21.so
7f1b9b9bb000-7f1b9b9bd000 rw-p 00000000 00:00 0 
7f1b9b9bd000-7f1b9b9c5000 r-xp 00000000 08:09 920232                     /lib/x86_64-linux-gnu/libnss_compat-2.21.so
7f1b9b9c5000-7f1b9bbc4000 ---p 00008000 08:09 920232                     /lib/x86_64-linux-gnu/libnss_compat-2.21.so
7f1b9bbc4000-7f1b9bbc5000 r--p 00007000 08:09 920232                     /lib/x86_64-linux-gnu/libnss_compat-2.21.so
7f1b9bbc5000-7f1b9bbc6000 rw-p 00008000 08:09 920232                     /lib/x86_64-linux-gnu/libnss_compat-2.21.so
7f1b9bbc6000-7f1b9bbd0000 r-xp 00000000 08:09 1454654                    /usr/lib/jvm/java-7-openjdk-amd64/jre/lib/amd64/libinstrument.so
7f1b9bbd0000-7f1b9bdcf000 ---p 0000a000 08:09 1454654                    /usr/lib/jvm/java-7-openjdk-amd64/jre/lib/amd64/libinstrument.so
7f1b9bdcf000-7f1b9bdd0000 r--p 00009000 08:09 1454654                    /usr/lib/jvm/java-7-openjdk-amd64/jre/lib/amd64/libinstrument.so
7f1b9bdd0000-7f1b9bdd1000 rw-p 0000a000 08:09 1454654                    /usr/lib/jvm/java-7-openjdk-amd64/jre/lib/amd64/libinstrument.so
7f1b9bdd1000-7f1b9bdfe000 r-xp 00000000 08:09 1454682                    /usr/lib/jvm/java-7-openjdk-amd64/jre/lib/amd64/libjava.so
7f1b9bdfe000-7f1b9bffd000 ---p 0002d000 08:09 1454682                    /usr/lib/jvm/java-7-openjdk-amd64/jre/lib/amd64/libjava.so
7f1b9bffd000-7f1b9bffe000 r--p 0002c000 08:09 1454682                    /usr/lib/jvm/java-7-openjdk-amd64/jre/lib/amd64/libjava.so
7f1b9bffe000-7f1b9c000000 rw-p 0002d000 08:09 1454682                    /usr/lib/jvm/java-7-openjdk-amd64/jre/lib/amd64/libjava.so
7f1b9c000000-7f1b9c8af000 rw-p 00000000 00:00 0 
7f1b9c8af000-7f1ba0000000 ---p 00000000 00:00 0 
7f1ba0000000-7f1ba0002000 r--s 0000d000 08:09 1466222                    /home/giovanni/.m2/repository/commons-logging/commons-logging/1.1.1/commons-logging-1.1.1.jar
7f1ba0002000-7f1ba0006000 r--s 00032000 08:09 1466217                    /home/giovanni/.m2/repository/org/apache/pdfbox/fontbox/1.8.9/fontbox-1.8.9.jar
7f1ba0006000-7f1ba0025000 rw-p 00000000 00:00 0 
7f1ba0025000-7f1ba01ee000 rw-p 00000000 00:00 0 
7f1ba01ee000-7f1ba01fd000 r-xp 00000000 08:09 1454674                    /usr/lib/jvm/java-7-openjdk-amd64/jre/lib/amd64/libverify.so
7f1ba01fd000-7f1ba03fc000 ---p 0000f000 08:09 1454674                    /usr/lib/jvm/java-7-openjdk-amd64/jre/lib/amd64/libverify.so
7f1ba03fc000-7f1ba03ff000 r--p 0000e000 08:09 1454674                    /usr/lib/jvm/java-7-openjdk-amd64/jre/lib/amd64/libverify.so
7f1ba03ff000-7f1ba0400000 rw-p 00011000 08:09 1454674                    /usr/lib/jvm/java-7-openjdk-amd64/jre/lib/amd64/libverify.so
7f1ba0400000-7f1ba0407000 r-xp 00000000 08:09 920291                     /lib/x86_64-linux-gnu/librt-2.21.so
7f1ba0407000-7f1ba0606000 ---p 00007000 08:09 920291                     /lib/x86_64-linux-gnu/librt-2.21.so
7f1ba0606000-7f1ba0607000 r--p 00006000 08:09 920291                     /lib/x86_64-linux-gnu/librt-2.21.so
7f1ba0607000-7f1ba0608000 rw-p 00007000 08:09 920291                     /lib/x86_64-linux-gnu/librt-2.21.so
7f1ba0608000-7f1ba061e000 r-xp 00000000 08:09 920179                     /lib/x86_64-linux-gnu/libgcc_s.so.1
7f1ba061e000-7f1ba081d000 ---p 00016000 08:09 920179                     /lib/x86_64-linux-gnu/libgcc_s.so.1
7f1ba081d000-7f1ba081e000 rw-p 00015000 08:09 920179                     /lib/x86_64-linux-gnu/libgcc_s.so.1
7f1ba081e000-7f1ba0925000 r-xp 00000000 08:09 920209                     /lib/x86_64-linux-gnu/libm-2.21.so
7f1ba0925000-7f1ba0b24000 ---p 00107000 08:09 920209                     /lib/x86_64-linux-gnu/libm-2.21.so
7f1ba0b24000-7f1ba0b25000 r--p 00106000 08:09 920209                     /lib/x86_64-linux-gnu/libm-2.21.so
7f1ba0b25000-7f1ba0b26000 rw-p 00107000 08:09 920209                     /lib/x86_64-linux-gnu/libm-2.21.so
7f1ba0b26000-7f1ba0c16000 r-xp 00000000 08:09 1450551                    /usr/lib/x86_64-linux-gnu/libstdc++.so.6.0.20
7f1ba0c16000-7f1ba0e16000 ---p 000f0000 08:09 1450551                    /usr/lib/x86_64-linux-gnu/libstdc++.so.6.0.20
7f1ba0e16000-7f1ba0e1e000 r--p 000f0000 08:09 1450551                    /usr/lib/x86_64-linux-gnu/libstdc++.so.6.0.20
7f1ba0e1e000-7f1ba0e20000 rw-p 000f8000 08:09 1450551                    /usr/lib/x86_64-linux-gnu/libstdc++.so.6.0.20
7f1ba0e20000-7f1ba0e35000 rw-p 00000000 00:00 0 
7f1ba0e35000-7f1ba198c000 r-xp 00000000 08:09 1454659                    /usr/lib/jvm/java-7-openjdk-amd64/jre/lib/amd64/server/libjvm.so
7f1ba198c000-7f1ba1b8b000 ---p 00b57000 08:09 1454659                    /usr/lib/jvm/java-7-openjdk-amd64/jre/lib/amd64/server/libjvm.so
7f1ba1b8b000-7f1ba1c2a000 r--p 00b56000 08:09 1454659                    /usr/lib/jvm/java-7-openjdk-amd64/jre/lib/amd64/server/libjvm.so
7f1ba1c2a000-7f1ba1c4d000 rw-p 00bf5000 08:09 1454659                    /usr/lib/jvm/java-7-openjdk-amd64/jre/lib/amd64/server/libjvm.so
7f1ba1c4d000-7f1ba1c7a000 rw-p 00000000 00:00 0 
7f1ba1c7a000-7f1ba1c93000 r-xp 00000000 08:09 920324                     /lib/x86_64-linux-gnu/libz.so.1.2.8
7f1ba1c93000-7f1ba1e93000 ---p 00019000 08:09 920324                     /lib/x86_64-linux-gnu/libz.so.1.2.8
7f1ba1e93000-7f1ba1e94000 r--p 00019000 08:09 920324                     /lib/x86_64-linux-gnu/libz.so.1.2.8
7f1ba1e94000-7f1ba1e95000 rw-p 0001a000 08:09 920324                     /lib/x86_64-linux-gnu/libz.so.1.2.8
7f1ba1e95000-7f1ba1ead000 r-xp 00000000 08:09 920283                     /lib/x86_64-linux-gnu/libpthread-2.21.so
7f1ba1ead000-7f1ba20ad000 ---p 00018000 08:09 920283                     /lib/x86_64-linux-gnu/libpthread-2.21.so
7f1ba20ad000-7f1ba20ae000 r--p 00018000 08:09 920283                     /lib/x86_64-linux-gnu/libpthread-2.21.so
7f1ba20ae000-7f1ba20af000 rw-p 00019000 08:09 920283                     /lib/x86_64-linux-gnu/libpthread-2.21.so
7f1ba20af000-7f1ba20b3000 rw-p 00000000 00:00 0 
7f1ba20b3000-7f1ba20b6000 r-xp 00000000 08:09 920167                     /lib/x86_64-linux-gnu/libdl-2.21.so
7f1ba20b6000-7f1ba22b5000 ---p 00003000 08:09 920167                     /lib/x86_64-linux-gnu/libdl-2.21.so
7f1ba22b5000-7f1ba22b6000 r--p 00002000 08:09 920167                     /lib/x86_64-linux-gnu/libdl-2.21.so
7f1ba22b6000-7f1ba22b7000 rw-p 00003000 08:09 920167                     /lib/x86_64-linux-gnu/libdl-2.21.so
7f1ba22b7000-7f1ba2477000 r-xp 00000000 08:09 920150                     /lib/x86_64-linux-gnu/libc-2.21.so
7f1ba2477000-7f1ba2677000 ---p 001c0000 08:09 920150                     /lib/x86_64-linux-gnu/libc-2.21.so
7f1ba2677000-7f1ba267b000 r--p 001c0000 08:09 920150                     /lib/x86_64-linux-gnu/libc-2.21.so
7f1ba267b000-7f1ba267d000 rw-p 001c4000 08:09 920150                     /lib/x86_64-linux-gnu/libc-2.21.so
7f1ba267d000-7f1ba2681000 rw-p 00000000 00:00 0 
7f1ba2681000-7f1ba268e000 r-xp 00000000 08:09 1454679                    /usr/lib/jvm/java-7-openjdk-amd64/jre/lib/amd64/jli/libjli.so
7f1ba268e000-7f1ba288d000 ---p 0000d000 08:09 1454679                    /usr/lib/jvm/java-7-openjdk-amd64/jre/lib/amd64/jli/libjli.so
7f1ba288d000-7f1ba288e000 r--p 0000c000 08:09 1454679                    /usr/lib/jvm/java-7-openjdk-amd64/jre/lib/amd64/jli/libjli.so
7f1ba288e000-7f1ba288f000 rw-p 0000d000 08:09 1454679                    /usr/lib/jvm/java-7-openjdk-amd64/jre/lib/amd64/jli/libjli.so
7f1ba288f000-7f1ba28b3000 r-xp 00000000 08:09 920122                     /lib/x86_64-linux-gnu/ld-2.21.so
7f1ba28b3000-7f1ba28b5000 r--s 0000b000 08:09 1466219                    /home/giovanni/.m2/repository/org/apache/pdfbox/jempbox/1.8.9/jempbox-1.8.9.jar
7f1ba28b5000-7f1ba28b6000 r--s 00005000 08:09 1466214                    /home/giovanni/.m2/repository/org/bouncycastle/bctsp-jdk14/1.38/bctsp-jdk14-1.38.jar
7f1ba28b6000-7f1ba28ba000 r--s 0002b000 08:09 1466207                    /home/giovanni/.m2/repository/org/bouncycastle/bcmail-jdk14/1.38/bcmail-jdk14-1.38.jar
7f1ba28ba000-7f1ba28bc000 r--s 00009000 08:09 1467728                    /home/giovanni/.m2/repository/org/primefaces/themes/usachborde/1.0-SNAPSHOT/usachborde-1.0-SNAPSHOT.jar
7f1ba28bc000-7f1ba28c0000 r--s 0002a000 08:09 1466208                    /home/giovanni/.m2/repository/commons-io/commons-io/2.4/commons-io-2.4.jar
7f1ba28c0000-7f1ba28c2000 r--s 0000f000 08:09 800500                     /home/giovanni/.m2/repository/commons-fileupload/commons-fileupload/1.3/commons-fileupload-1.3.jar
7f1ba28c2000-7f1ba28c5000 r--s 00011000 08:09 807168                     /home/giovanni/development/seminarmanagementplus/SeminarManagement-Maven-ejb/target/SeminarManagement-Maven-ejb-1.0.jar
7f1ba28c5000-7f1ba28ca000 r--s 00023000 08:09 1312395                    /home/giovanni/.m2/repository/org/apache/maven/surefire/surefire-api/2.10/surefire-api-2.10.jar
7f1ba28ca000-7f1ba28cc000 r--s 00007000 08:09 1312392                    /home/giovanni/.m2/repository/org/apache/maven/surefire/surefire-booter/2.10/surefire-booter-2.10.jar
7f1ba28cc000-7f1ba28cd000 r--s 00002000 08:09 812690                     /home/giovanni/development/seminarmanagementplus/SeminarManagement-Maven-web/target/surefire/surefirebooter7588020575769288174.jar
7f1ba28cd000-7f1ba28d0000 r--s 00086000 08:09 1454701                    /usr/lib/jvm/java-7-openjdk-amd64/jre/lib/ext/localedata.jar
7f1ba28d0000-7f1ba28da000 rw-p 00000000 00:00 0 
7f1ba28da000-7f1ba2990000 rw-p 00000000 00:00 0 
7f1ba2990000-7f1ba2993000 ---p 00000000 00:00 0 
7f1ba2993000-7f1ba2a96000 rw-p 00000000 00:00 0                          [stack:6145]
7f1ba2a96000-7f1ba2a99000 r--s 0000f000 08:09 1454696                    /usr/lib/jvm/java-7-openjdk-amd64/jre/lib/ext/icedtea-sound.jar
7f1ba2a99000-7f1ba2a9a000 r--s 00002000 08:09 1454700                    /usr/lib/jvm/java-7-openjdk-amd64/jre/lib/ext/dnsns.jar
7f1ba2a9a000-7f1ba2a9c000 r--s 00012000 08:09 1454697                    /usr/lib/jvm/java-7-openjdk-amd64/jre/lib/ext/zipfs.jar
7f1ba2a9c000-7f1ba2aa0000 r--s 00034000 08:09 1454698                    /usr/lib/jvm/java-7-openjdk-amd64/jre/lib/ext/sunjce_provider.jar
7f1ba2aa0000-7f1ba2aa2000 r--s 00006000 08:09 1847822                    /usr/share/java/java-atk-wrapper.jar
7f1ba2aa2000-7f1ba2aa6000 r--s 0003c000 08:09 1454699                    /usr/lib/jvm/java-7-openjdk-amd64/jre/lib/ext/sunpkcs11.jar
7f1ba2aa6000-7f1ba2aae000 rw-s 00000000 08:09 398487                     /tmp/hsperfdata_giovanni/6144
7f1ba2aae000-7f1ba2aaf000 rw-p 00000000 00:00 0 
7f1ba2aaf000-7f1ba2ab0000 r--p 00000000 00:00 0 
7f1ba2ab0000-7f1ba2ab2000 rw-p 00000000 00:00 0 
7f1ba2ab2000-7f1ba2ab3000 r--p 00023000 08:09 920122                     /lib/x86_64-linux-gnu/ld-2.21.so
7f1ba2ab3000-7f1ba2ab4000 rw-p 00024000 08:09 920122                     /lib/x86_64-linux-gnu/ld-2.21.so
7f1ba2ab4000-7f1ba2ab5000 rw-p 00000000 00:00 0 
7ffd8a781000-7ffd8a7a2000 rw-p 00000000 00:00 0                          [stack]
7ffd8a7fc000-7ffd8a7fe000 r--p 00000000 00:00 0                          [vvar]
7ffd8a7fe000-7ffd8a800000 r-xp 00000000 00:00 0                          [vdso]
ffffffffff600000-ffffffffff601000 r-xp 00000000 00:00 0                  [vsyscall]

VM Arguments:
jvm_args: -javaagent:/usr/share/java/jayatanaag.jar 
java_command: /home/giovanni/development/seminarmanagementplus/SeminarManagement-Maven-web/target/surefire/surefirebooter7588020575769288174.jar /home/giovanni/development/seminarmanagementplus/SeminarManagement-Maven-web/target/surefire/surefire6658179541817539085tmp /home/giovanni/development/seminarmanagementplus/SeminarManagement-Maven-web/target/surefire/surefire1601398149542310187tmp
Launcher Type: SUN_STANDARD

Environment Variables:
JAVA_HOME=/usr/lib/jvm/default-java
JAVA_TOOL_OPTIONS=-javaagent:/usr/share/java/jayatanaag.jar 
PATH=/home/giovanni/.rvm/gems/ruby-2.2.1/bin:/home/giovanni/.rvm/gems/ruby-2.2.1@global/bin:/home/giovanni/.rvm/rubies/ruby-2.2.1/bin:/usr/local/sbin:/usr/local/bin:/usr/sbin:/usr/bin:/sbin:/bin:/usr/games:/usr/local/games:/home/giovanni/.rvm/bin:/home/giovanni/.composer/vendor/bin
LD_LIBRARY_PATH=/usr/lib/jvm/default-java/jre/lib/amd64:/usr/lib/jvm/default-java/jre/lib/i386:
SHELL=/bin/bash
DISPLAY=:0

Signal Handlers:
SIGSEGV: [libjvm.so+0x98abe0], sa_mask[0]=0x7ffbfeff, sa_flags=0x10000004
SIGBUS: [libjvm.so+0x98abe0], sa_mask[0]=0x7ffbfeff, sa_flags=0x10000004
SIGFPE: [libjvm.so+0x7f8a60], sa_mask[0]=0x7ffbfeff, sa_flags=0x10000004
SIGPIPE: [libjvm.so+0x7f8a60], sa_mask[0]=0x7ffbfeff, sa_flags=0x10000004
SIGXFSZ: [libjvm.so+0x7f8a60], sa_mask[0]=0x7ffbfeff, sa_flags=0x10000004
SIGILL: [libjvm.so+0x7f8a60], sa_mask[0]=0x7ffbfeff, sa_flags=0x10000004
SIGUSR1: SIG_DFL, sa_mask[0]=0x00000000, sa_flags=0x00000000
SIGUSR2: [libjvm.so+0x7f88e0], sa_mask[0]=0x00000004, sa_flags=0x10000004
SIGHUP: [libjvm.so+0x7f8ae0], sa_mask[0]=0x7ffbfeff, sa_flags=0x10000004
SIGINT: SIG_IGN, sa_mask[0]=0x00000000, sa_flags=0x00000000
SIGTERM: [libjvm.so+0x7f8ae0], sa_mask[0]=0x7ffbfeff, sa_flags=0x10000004
SIGQUIT: [libjvm.so+0x7f8ae0], sa_mask[0]=0x7ffbfeff, sa_flags=0x10000004
SIGTRAP: SIG_DFL, sa_mask[0]=0x00000000, sa_flags=0x00000000


---------------  S Y S T E M  ---------------

OS:Ubuntu 15.04 (vivid)
uname:Linux 3.19.0-18-generic #18-Ubuntu SMP Tue May 19 18:31:35 UTC 2015 x86_64
libc:glibc 2.21 NPTL 2.21 
rlimit: STACK 8192k, CORE 0k, NPROC 23083, NOFILE 4096, AS infinity
load average:4,95 3,50 2,70

/proc/meminfo:
MemTotal:        5991784 kB
MemFree:          248460 kB
MemAvailable:    1517816 kB
Buffers:           90180 kB
Cached:          1432736 kB
SwapCached:          920 kB
Active:          3602728 kB
Inactive:        1919876 kB
Active(anon):    2869288 kB
Inactive(anon):  1249360 kB
Active(file):     733440 kB
Inactive(file):   670516 kB
Unevictable:          48 kB
Mlocked:              48 kB
SwapTotal:       6170620 kB
SwapFree:        6167620 kB
Dirty:               920 kB
Writeback:            64 kB
AnonPages:       3998980 kB
Mapped:           473864 kB
Shmem:            118948 kB
Slab:             104868 kB
SReclaimable:      68668 kB
SUnreclaim:        36200 kB
KernelStack:       13328 kB
PageTables:        55376 kB
NFS_Unstable:          0 kB
Bounce:                0 kB
WritebackTmp:          0 kB
CommitLimit:     9166512 kB
Committed_AS:    9885592 kB
VmallocTotal:   34359738367 kB
VmallocUsed:      287516 kB
VmallocChunk:   34359447780 kB
HardwareCorrupted:     0 kB
AnonHugePages:   2082816 kB
CmaTotal:              0 kB
CmaFree:               0 kB
HugePages_Total:       0
HugePages_Free:        0
HugePages_Rsvd:        0
HugePages_Surp:        0
Hugepagesize:       2048 kB
DirectMap4k:      165628 kB
DirectMap2M:     6006784 kB


CPU:total 4 (2 cores per cpu, 2 threads per core) family 6 model 58 stepping 9, cmov, cx8, fxsr, mmx, sse, sse2, sse3, ssse3, sse4.1, sse4.2, popcnt, avx, erms, ht, tsc, tscinvbit, tscinv

/proc/cpuinfo:
processor	: 0
vendor_id	: GenuineIntel
cpu family	: 6
model		: 58
model name	: Intel(R) Core(TM) i3-3217U CPU @ 1.80GHz
stepping	: 9
microcode	: 0x1b
cpu MHz		: 1800.000
cache size	: 3072 KB
physical id	: 0
siblings	: 4
core id		: 0
cpu cores	: 2
apicid		: 0
initial apicid	: 0
fpu		: yes
fpu_exception	: yes
cpuid level	: 13
wp		: yes
flags		: fpu vme de pse tsc msr pae mce cx8 apic sep mtrr pge mca cmov pat pse36 clflush dts acpi mmx fxsr sse sse2 ss ht tm pbe syscall nx rdtscp lm constant_tsc arch_perfmon pebs bts rep_good nopl xtopology nonstop_tsc aperfmperf eagerfpu pni pclmulqdq dtes64 monitor ds_cpl vmx est tm2 ssse3 cx16 xtpr pdcm pcid sse4_1 sse4_2 x2apic popcnt tsc_deadline_timer xsave avx f16c lahf_lm ida arat epb pln pts dtherm tpr_shadow vnmi flexpriority ept vpid fsgsbase smep erms xsaveopt
bugs		:
bogomips	: 3592.00
clflush size	: 64
cache_alignment	: 64
address sizes	: 36 bits physical, 48 bits virtual
power management:

processor	: 1
vendor_id	: GenuineIntel
cpu family	: 6
model		: 58
model name	: Intel(R) Core(TM) i3-3217U CPU @ 1.80GHz
stepping	: 9
microcode	: 0x1b
cpu MHz		: 1800.000
cache size	: 3072 KB
physical id	: 0
siblings	: 4
core id		: 0
cpu cores	: 2
apicid		: 1
initial apicid	: 1
fpu		: yes
fpu_exception	: yes
cpuid level	: 13
wp		: yes
flags		: fpu vme de pse tsc msr pae mce cx8 apic sep mtrr pge mca cmov pat pse36 clflush dts acpi mmx fxsr sse sse2 ss ht tm pbe syscall nx rdtscp lm constant_tsc arch_perfmon pebs bts rep_good nopl xtopology nonstop_tsc aperfmperf eagerfpu pni pclmulqdq dtes64 monitor ds_cpl vmx est tm2 ssse3 cx16 xtpr pdcm pcid sse4_1 sse4_2 x2apic popcnt tsc_deadline_timer xsave avx f16c lahf_lm ida arat epb pln pts dtherm tpr_shadow vnmi flexpriority ept vpid fsgsbase smep erms xsaveopt
bugs		:
bogomips	: 3592.00
clflush size	: 64
cache_alignment	: 64
address sizes	: 36 bits physical, 48 bits virtual
power management:

processor	: 2
vendor_id	: GenuineIntel
cpu family	: 6
model		: 58
model name	: Intel(R) Core(TM) i3-3217U CPU @ 1.80GHz
stepping	: 9
microcode	: 0x1b
cpu MHz		: 1799.929
cache size	: 3072 KB
physical id	: 0
siblings	: 4
core id		: 1
cpu cores	: 2
apicid		: 2
initial apicid	: 2
fpu		: yes
fpu_exception	: yes
cpuid level	: 13
wp		: yes
flags		: fpu vme de pse tsc msr pae mce cx8 apic sep mtrr pge mca cmov pat pse36 clflush dts acpi mmx fxsr sse sse2 ss ht tm pbe syscall nx rdtscp lm constant_tsc arch_perfmon pebs bts rep_good nopl xtopology nonstop_tsc aperfmperf eagerfpu pni pclmulqdq dtes64 monitor ds_cpl vmx est tm2 ssse3 cx16 xtpr pdcm pcid sse4_1 sse4_2 x2apic popcnt tsc_deadline_timer xsave avx f16c lahf_lm ida arat epb pln pts dtherm tpr_shadow vnmi flexpriority ept vpid fsgsbase smep erms xsaveopt
bugs		:
bogomips	: 3592.00
clflush size	: 64
cache_alignment	: 64
address sizes	: 36 bits physical, 48 bits virtual
power management:

processor	: 3
vendor_id	: GenuineIntel
cpu family	: 6
model		: 58
model name	: Intel(R) Core(TM) i3-3217U CPU @ 1.80GHz
stepping	: 9
microcode	: 0x1b
cpu MHz		: 1800.000
cache size	: 3072 KB
physical id	: 0
siblings	: 4
core id		: 1
cpu cores	: 2
apicid		: 3
initial apicid	: 3
fpu		: yes
fpu_exception	: yes
cpuid level	: 13
wp		: yes
flags		: fpu vme de pse tsc msr pae mce cx8 apic sep mtrr pge mca cmov pat pse36 clflush dts acpi mmx fxsr sse sse2 ss ht tm pbe syscall nx rdtscp lm constant_tsc arch_perfmon pebs bts rep_good nopl xtopology nonstop_tsc aperfmperf eagerfpu pni pclmulqdq dtes64 monitor ds_cpl vmx est tm2 ssse3 cx16 xtpr pdcm pcid sse4_1 sse4_2 x2apic popcnt tsc_deadline_timer xsave avx f16c lahf_lm ida arat epb pln pts dtherm tpr_shadow vnmi flexpriority ept vpid fsgsbase smep erms xsaveopt
bugs		:
bogomips	: 3592.00
clflush size	: 64
cache_alignment	: 64
address sizes	: 36 bits physical, 48 bits virtual
power management:



Memory: 4k page, physical 5991784k(248460k free), swap 6170620k(6167620k free)

vm_info: OpenJDK 64-Bit Server VM (24.79-b02) for linux-amd64 JRE (1.7.0_79-b14), built on Apr 15 2015 21:06:31 by "buildd" with gcc 4.9.2

time: Mon Jun  8 21:48:02 2015
elapsed time: 2 seconds

